<?xml version="1.0" encoding="UTF-8"?>
<!-- Generated by org.testng.reporters.JUnitXMLReporter -->
<testsuite hostname="PU-NB-RPATOLE" name="Test" tests="5" failures="0" timestamp="20 Aug 2018 17:01:09 GMT" time="22.026" errors="0">
  <testcase name="E2E_Test" time="6.253" classname="TestCases.E2E"/>
  <testcase name="verifyApplicationURL" time="0.343" classname="TestCases.testLoginPage"/>
  <testcase name="verifyApplicationLogo" time="0.307" classname="TestCases.testLoginPage"/>
  <testcase name="verifyInvalidLogin" time="0.983" classname="TestCases.testLoginPage"/>
  <testcase name="validateValidLogin" time="2.212" classname="TestCases.testLoginPage"/>
</testsuite> <!-- Test -->
