<?xml version="1.0" encoding="UTF-8"?>
<testng-results skipped="0" failed="0" total="5" passed="5">
  <reporter-output>
  </reporter-output>
  <suite name="Suite" duration-ms="22026" started-at="2018-08-20T17:00:47Z" finished-at="2018-08-20T17:01:09Z">
    <groups>
    </groups>
    <test name="Test" duration-ms="22026" started-at="2018-08-20T17:00:47Z" finished-at="2018-08-20T17:01:09Z">
      <class name="TestCases.E2E">
        <test-method status="PASS" signature="launchapp()[pri:0, instance:TestCases.E2E@4439f31e]" name="launchapp" is-config="true" duration-ms="5556" started-at="2018-08-20T22:30:47Z" finished-at="2018-08-20T22:30:53Z">
          <reporter-output>
          </reporter-output>
        </test-method> <!-- launchapp -->
        <test-method status="PASS" signature="E2E_Test()[pri:0, instance:TestCases.E2E@4439f31e]" name="E2E_Test" duration-ms="6253" started-at="2018-08-20T22:30:53Z" finished-at="2018-08-20T22:30:59Z">
          <reporter-output>
          </reporter-output>
        </test-method> <!-- E2E_Test -->
        <test-method status="PASS" signature="closeApp()[pri:0, instance:TestCases.E2E@4439f31e]" name="closeApp" is-config="true" duration-ms="2921" started-at="2018-08-20T22:30:59Z" finished-at="2018-08-20T22:31:02Z">
          <reporter-output>
          </reporter-output>
        </test-method> <!-- closeApp -->
      </class> <!-- TestCases.E2E -->
      <class name="TestCases.testLoginPage">
        <test-method status="PASS" signature="luanchapp()[pri:0, instance:TestCases.testLoginPage@215be6bb]" name="luanchapp" is-config="true" duration-ms="2743" started-at="2018-08-20T22:31:02Z" finished-at="2018-08-20T22:31:05Z">
          <reporter-output>
          </reporter-output>
        </test-method> <!-- luanchapp -->
        <test-method status="PASS" signature="verifyApplicationURL()[pri:1, instance:TestCases.testLoginPage@215be6bb]" name="verifyApplicationURL" duration-ms="343" started-at="2018-08-20T22:31:05Z" finished-at="2018-08-20T22:31:05Z">
          <reporter-output>
          </reporter-output>
        </test-method> <!-- verifyApplicationURL -->
        <test-method status="PASS" signature="verifyApplicationLogo()[pri:2, instance:TestCases.testLoginPage@215be6bb]" name="verifyApplicationLogo" duration-ms="307" started-at="2018-08-20T22:31:05Z" finished-at="2018-08-20T22:31:06Z">
          <reporter-output>
          </reporter-output>
        </test-method> <!-- verifyApplicationLogo -->
        <test-method status="PASS" signature="verifyInvalidLogin()[pri:3, instance:TestCases.testLoginPage@215be6bb]" name="verifyInvalidLogin" duration-ms="983" started-at="2018-08-20T22:31:06Z" finished-at="2018-08-20T22:31:07Z">
          <reporter-output>
          </reporter-output>
        </test-method> <!-- verifyInvalidLogin -->
        <test-method status="PASS" signature="validateValidLogin()[pri:4, instance:TestCases.testLoginPage@215be6bb]" name="validateValidLogin" duration-ms="2212" started-at="2018-08-20T22:31:07Z" finished-at="2018-08-20T22:31:09Z">
          <reporter-output>
          </reporter-output>
        </test-method> <!-- validateValidLogin -->
        <test-method status="PASS" signature="closeApp()[pri:0, instance:TestCases.testLoginPage@215be6bb]" name="closeApp" is-config="true" duration-ms="653" started-at="2018-08-20T22:31:09Z" finished-at="2018-08-20T22:31:09Z">
          <reporter-output>
          </reporter-output>
        </test-method> <!-- closeApp -->
      </class> <!-- TestCases.testLoginPage -->
    </test> <!-- Test -->
  </suite> <!-- Suite -->
</testng-results>
